<?xml version="1.0" encoding="UTF-8"?>
<!-- Generated by org.testng.reporters.JUnitReportReporter -->
<testsuite hostname="Ghaith" failures="0" tests="5" name="myfirsttest" time="2.524" errors="0" timestamp="2025-04-18T02:26:00 EET" skipped="0">
  <testcase classname="myfirsttest" name="myAfterTest" time="0.005"/>
  <testcase classname="myfirsttest" name="login" time="0.245"/>
  <testcase classname="myfirsttest" name="addItemToThecart" time="0.078"/>
  <testcase classname="myfirsttest" name="removeItemFromTheCart" time="0.048"/>
  <testcase classname="myfirsttest" name="Logout" time="2.148"/>
</testsuite> <!-- myfirsttest -->
